<?xml version="1.0" encoding="UTF-8"?>
<testng-results ignored="0" total="1" passed="1" failed="0" skipped="0">
  <reporter-output>
  </reporter-output>
  <suite started-at="2022-11-23T20:52:19 IST" name="Suite" finished-at="2022-11-23T20:52:39 IST" duration-ms="19586">
    <groups>
    </groups>
    <test started-at="2022-11-23T20:52:19 IST" name="Google Maps" finished-at="2022-11-23T20:52:39 IST" duration-ms="19586">
      <class name="tests.MainRunner">
        <test-method is-config="true" signature="setup(java.lang.String)[pri:0, instance:tests.MainRunner@73e9cf30]" started-at="2022-11-23T20:52:19 IST" name="setup" finished-at="2022-11-23T20:52:23 IST" duration-ms="3752" status="PASS">
          <params>
            <param index="0">
              <value>
                <![CDATA[chrome]]>
              </value>
            </param>
          </params>
          <reporter-output>
          </reporter-output>
        </test-method> <!-- setup -->
        <test-method signature="assignmentTest()[pri:1, instance:tests.MainRunner@73e9cf30]" started-at="2022-11-23T20:52:23 IST" name="assignmentTest" description="google maps test" finished-at="2022-11-23T20:52:38 IST" duration-ms="14951" status="PASS">
          <reporter-output>
          </reporter-output>
        </test-method> <!-- assignmentTest -->
        <test-method is-config="true" signature="close()[pri:0, instance:tests.MainRunner@73e9cf30]" started-at="2022-11-23T20:52:38 IST" name="close" finished-at="2022-11-23T20:52:39 IST" duration-ms="628" status="PASS">
          <reporter-output>
          </reporter-output>
        </test-method> <!-- close -->
      </class> <!-- tests.MainRunner -->
    </test> <!-- Google Maps -->
  </suite> <!-- Suite -->
</testng-results>
